<?xml version="1.0" encoding="UTF-8"?>
<!-- Generated by org.testng.reporters.JUnitReportReporter -->
<testsuite hostname="LAPTOP-KBSQ6PAL" failures="0" tests="1" name="runner.loginrunner" time="39.994" errors="0" timestamp="2025-03-30T14:02:42 IST" skipped="0">
  <testcase classname="runner.loginrunner" name="runScenario" time="39.994"/>
  <system-out/>
</testsuite> <!-- runner.loginrunner -->
