<?xml version="1.0" encoding="UTF-8"?>
<!-- Generated by org.testng.reporters.JUnitReportReporter -->
<testsuite hostname="SSPL020" failures="0" tests="1" name="runner.loginrunner" time="55.469" errors="0" timestamp="2025-03-12T18:09:23 IST" skipped="0">
  <testcase classname="runner.loginrunner" name="runScenario" time="55.469"/>
  <system-out/>
</testsuite> <!-- runner.loginrunner -->
